<?xml version="1.0" encoding="UTF-8"?>
<!-- Generated by org.testng.reporters.JUnitXMLReporter -->
<testsuite ignored="0" hostname="LAPTOP-70B31SVA" failures="0" tests="3" name="RestassuredTestNG" time="7.878" errors="0" timestamp="2023-12-12T23:33:37 IST">
  <testcase classname="api.test.PropertiesUserTest" name="testpostRequest" time="2.821"/>
  <testcase classname="api.test.PropertiesUserTest" name="testgetRequest" time="1.912"/>
  <testcase classname="api.test.PropertiesUserTest" name="testputRequest" time="3.032"/>
</testsuite> <!-- RestassuredTestNG -->
