<?xml version="1.0" encoding="UTF-8"?>
<!-- Generated by org.testng.reporters.JUnitXMLReporter -->
<testsuite ignored="0" hostname="LAPTOP-70B31SVA" failures="0" tests="3" name="RestassuredTestNG" time="7.043" errors="0" timestamp="2023-12-07T14:04:06 IST">
  <testcase classname="api.test.PropertiesUserTest" name="testpostRequest" time="2.64"/>
  <testcase classname="api.test.PropertiesUserTest" name="testgetRequest" time="1.504"/>
  <testcase classname="api.test.PropertiesUserTest" name="testputRequest" time="2.768"/>
</testsuite> <!-- RestassuredTestNG -->
