<?xml version="1.0" encoding="UTF-8"?>
<testng-results ignored="0" total="3" passed="3" failed="0" skipped="0">
  <reporter-output>
  </reporter-output>
  <suite started-at="2023-12-12T23:33:29 IST" name="RestassuredTestNG" finished-at="2023-12-12T23:33:37 IST" duration-ms="7878">
    <groups>
    </groups>
    <test started-at="2023-12-12T23:33:29 IST" name="RestassuredTestNG" finished-at="2023-12-12T23:33:37 IST" duration-ms="7878">
      <class name="api.test.PropertiesUserTest">
        <test-method is-config="true" signature="setupData()[pri:0, instance:api.test.PropertiesUserTest@5119fb47]" started-at="2023-12-12T23:33:29 IST" name="setupData" finished-at="2023-12-12T23:33:30 IST" duration-ms="92" status="PASS">
          <reporter-output>
          </reporter-output>
        </test-method> <!-- setupData -->
        <test-method signature="testpostRequest()[pri:1, instance:api.test.PropertiesUserTest@5119fb47]" started-at="2023-12-12T23:33:30 IST" name="testpostRequest" finished-at="2023-12-12T23:33:32 IST" duration-ms="2821" status="PASS">
          <reporter-output>
          </reporter-output>
        </test-method> <!-- testpostRequest -->
        <test-method signature="testgetRequest()[pri:2, instance:api.test.PropertiesUserTest@5119fb47]" started-at="2023-12-12T23:33:32 IST" name="testgetRequest" finished-at="2023-12-12T23:33:34 IST" duration-ms="1912" status="PASS">
          <reporter-output>
          </reporter-output>
        </test-method> <!-- testgetRequest -->
        <test-method signature="testputRequest()[pri:3, instance:api.test.PropertiesUserTest@5119fb47]" started-at="2023-12-12T23:33:34 IST" name="testputRequest" finished-at="2023-12-12T23:33:37 IST" duration-ms="3032" status="PASS">
          <reporter-output>
          </reporter-output>
        </test-method> <!-- testputRequest -->
      </class> <!-- api.test.PropertiesUserTest -->
    </test> <!-- RestassuredTestNG -->
  </suite> <!-- RestassuredTestNG -->
</testng-results>
