<?xml version="1.0" encoding="UTF-8"?>
<testng-results ignored="0" total="3" passed="3" failed="0" skipped="0">
  <reporter-output>
  </reporter-output>
  <suite started-at="2023-12-07T14:03:59 IST" name="RestassuredTestNG" finished-at="2023-12-07T14:04:06 IST" duration-ms="7043">
    <groups>
    </groups>
    <test started-at="2023-12-07T14:03:59 IST" name="RestassuredTestNG" finished-at="2023-12-07T14:04:06 IST" duration-ms="7043">
      <class name="api.test.PropertiesUserTest">
        <test-method is-config="true" signature="setupData()[pri:0, instance:api.test.PropertiesUserTest@8dbdac1]" started-at="2023-12-07T14:03:59 IST" name="setupData" finished-at="2023-12-07T14:03:59 IST" duration-ms="99" status="PASS">
          <reporter-output>
          </reporter-output>
        </test-method> <!-- setupData -->
        <test-method signature="testpostRequest()[pri:1, instance:api.test.PropertiesUserTest@8dbdac1]" started-at="2023-12-07T14:03:59 IST" name="testpostRequest" finished-at="2023-12-07T14:04:01 IST" duration-ms="2640" status="PASS">
          <reporter-output>
          </reporter-output>
        </test-method> <!-- testpostRequest -->
        <test-method signature="testgetRequest()[pri:2, instance:api.test.PropertiesUserTest@8dbdac1]" started-at="2023-12-07T14:04:01 IST" name="testgetRequest" finished-at="2023-12-07T14:04:03 IST" duration-ms="1504" status="PASS">
          <reporter-output>
          </reporter-output>
        </test-method> <!-- testgetRequest -->
        <test-method signature="testputRequest()[pri:3, instance:api.test.PropertiesUserTest@8dbdac1]" started-at="2023-12-07T14:04:03 IST" name="testputRequest" finished-at="2023-12-07T14:04:06 IST" duration-ms="2768" status="PASS">
          <reporter-output>
          </reporter-output>
        </test-method> <!-- testputRequest -->
      </class> <!-- api.test.PropertiesUserTest -->
    </test> <!-- RestassuredTestNG -->
  </suite> <!-- RestassuredTestNG -->
</testng-results>
